app/build/intermediates/manifest_merge_blame_file/debug/manifest-merger-blame-debug-report.txt
1<?xml version="1.0" encoding="utf-8"?>
2<manifest xmlns:android="http://schemas.android.com/apk/res/android"
3    package="com.example.smartshoppingapp"
4    android:versionCode="1"
5    android:versionName="1.0" >
6
7    <uses-sdk
8        android:minSdkVersion="24"
9        android:targetSdkVersion="34" />
10
11    <uses-permission android:name="android.permission.POST_NOTIFICATIONS" />
11-->src\main\AndroidManifest.xml:4:5-77
11-->src\main\AndroidManifest.xml:4:22-74
12
13    <application
13-->src\main\AndroidManifest.xml:6:5-23:19
14        android:name="com.example.smartshoppingapp.SmartShoppingApplication"
14-->src\main\AndroidManifest.xml:7:9-49
15        android:allowBackup="true"
15-->src\main\AndroidManifest.xml:8:9-35
16        android:debuggable="true"
17        android:extractNativeLibs="false"
18        android:icon="@android:drawable/ic_menu_agenda"
18-->src\main\AndroidManifest.xml:9:9-56
19        android:label="@string/app_name"
19-->src\main\AndroidManifest.xml:10:9-41
20        android:roundIcon="@android:drawable/ic_menu_agenda"
20-->src\main\AndroidManifest.xml:11:9-61
21        android:supportsRtl="true"
21-->src\main\AndroidManifest.xml:12:9-35
22        android:testOnly="true"
23        android:theme="@style/Theme.SmartShoppingApp" >
23-->src\main\AndroidManifest.xml:13:9-54
24        <activity
24-->src\main\AndroidManifest.xml:14:9-22:20
25            android:name="com.example.smartshoppingapp.MainActivity"
25-->src\main\AndroidManifest.xml:15:13-41
26            android:exported="true"
26-->src\main\AndroidManifest.xml:16:13-36
27            android:theme="@style/Theme.SmartShoppingApp" >
27-->src\main\AndroidManifest.xml:17:13-58
28            <intent-filter>
28-->src\main\AndroidManifest.xml:18:13-21:29
29                <action android:name="android.intent.action.MAIN" />
29-->src\main\AndroidManifest.xml:19:17-69
29-->src\main\AndroidManifest.xml:19:25-66
30
31                <category android:name="android.intent.category.LAUNCHER" />
31-->src\main\AndroidManifest.xml:20:17-77
31-->src\main\AndroidManifest.xml:20:27-74
32            </intent-filter>
33        </activity>
34    </application>
35
36</manifest>